[debug] [2025-11-05T17:45:39.954Z] ----------------------------------------------------------------------
[debug] [2025-11-05T17:45:39.958Z] Command:       /usr/local/bin/firebase /home/loicp/.cache/firebase/tools/lib/node_modules/firebase-tools/lib/bin/firebase deploy --project json-manager
[debug] [2025-11-05T17:45:39.958Z] CLI Version:   14.23.0
[debug] [2025-11-05T17:45:39.958Z] Platform:      linux
[debug] [2025-11-05T17:45:39.958Z] Node Version:  v20.18.2
[debug] [2025-11-05T17:45:39.958Z] Time:          Wed Nov 05 2025 18:45:39 GMT+0100 (Central European Standard Time)
[debug] [2025-11-05T17:45:39.958Z] ----------------------------------------------------------------------
[debug] 
[debug] [2025-11-05T17:45:40.084Z] > command requires scopes: ["email","openid","https://www.googleapis.com/auth/cloudplatformprojects.readonly","https://www.googleapis.com/auth/firebase","https://www.googleapis.com/auth/cloud-platform"]
[debug] [2025-11-05T17:45:40.085Z] > authorizing via signed-in user (loic.pennamen@gmail.com)
[debug] [2025-11-05T17:45:40.085Z] [iam] checking project json-manager for permissions ["firebase.projects.get","firebasehosting.sites.update"]
[debug] [2025-11-05T17:45:40.085Z] Checked if tokens are valid: true, expires at: 1762366509487
[debug] [2025-11-05T17:45:40.085Z] Checked if tokens are valid: true, expires at: 1762366509487
[debug] [2025-11-05T17:45:40.086Z] >>> [apiv2][query] POST https://cloudresourcemanager.googleapis.com/v1/projects/json-manager:testIamPermissions [none]
[debug] [2025-11-05T17:45:40.086Z] >>> [apiv2][(partial)header] POST https://cloudresourcemanager.googleapis.com/v1/projects/json-manager:testIamPermissions x-goog-quota-user=projects/json-manager
[debug] [2025-11-05T17:45:40.086Z] >>> [apiv2][body] POST https://cloudresourcemanager.googleapis.com/v1/projects/json-manager:testIamPermissions {"permissions":["firebase.projects.get","firebasehosting.sites.update"]}
[debug] [2025-11-05T17:45:40.855Z] <<< [apiv2][status] POST https://cloudresourcemanager.googleapis.com/v1/projects/json-manager:testIamPermissions 200
[debug] [2025-11-05T17:45:40.856Z] <<< [apiv2][body] POST https://cloudresourcemanager.googleapis.com/v1/projects/json-manager:testIamPermissions {}
[debug] [2025-11-05T17:45:40.856Z] [iam] error while checking permissions, command may fail: Authorization failed. This account is missing the following required permissions on project json-manager:

  firebase.projects.get
  firebasehosting.sites.update
[debug] [2025-11-05T17:45:40.856Z] Checked if tokens are valid: true, expires at: 1762366509487
[debug] [2025-11-05T17:45:40.856Z] Checked if tokens are valid: true, expires at: 1762366509487
[debug] [2025-11-05T17:45:40.856Z] >>> [apiv2][query] GET https://firebase.googleapis.com/v1beta1/projects/json-manager [none]
[debug] [2025-11-05T17:45:41.601Z] <<< [apiv2][status] GET https://firebase.googleapis.com/v1beta1/projects/json-manager 403
[debug] [2025-11-05T17:45:41.601Z] <<< [apiv2][body] GET https://firebase.googleapis.com/v1beta1/projects/json-manager {"error":{"code":403,"message":"The caller does not have permission","status":"PERMISSION_DENIED"}}
[debug] [2025-11-05T17:45:41.602Z] Request to https://firebase.googleapis.com/v1beta1/projects/json-manager had HTTP Error: 403, The caller does not have permission
[debug] [2025-11-05T17:45:42.060Z] FirebaseError: Request to https://firebase.googleapis.com/v1beta1/projects/json-manager had HTTP Error: 403, The caller does not have permission
    at responseToError (/home/loicp/.cache/firebase/tools/lib/node_modules/firebase-tools/lib/responseToError.js:53:12)
    at RetryOperation._fn (/home/loicp/.cache/firebase/tools/lib/node_modules/firebase-tools/lib/apiv2.js:322:77)
    at process.processTicksAndRejections (node:internal/process/task_queues:95:5)
[error] 
[error] Error: Failed to get Firebase project json-manager. Please make sure the project exists and your account has permission to access it.
